<?xml version="1.0" encoding="UTF-8"?>
<!-- Generated by org.testng.reporters.JUnitXMLReporter -->
<testsuite ignored="0" hostname="LAPTOP-TDU9CTLD" failures="1" tests="2" name="test1" time="12.346" errors="0" timestamp="2023-12-09T15:54:00 IST">
  <testcase classname="com.testmethod.programs.WevaScripts_MultiBrowser" name="LoginTest_single_two" time="5.607">
    <failure type="java.lang.NullPointerException" message="null value in entry: url=null">
      <![CDATA[java.lang.NullPointerException: null value in entry: url=null
at com.google.common.collect.CollectPreconditions.checkEntryNotNull(CollectPreconditions.java:33)
at com.google.common.collect.SingletonImmutableBiMap.<init>(SingletonImmutableBiMap.java:43)
at com.google.common.collect.ImmutableBiMap.of(ImmutableBiMap.java:81)
at com.google.common.collect.ImmutableMap.of(ImmutableMap.java:128)
at org.openqa.selenium.remote.DriverCommand.GET(DriverCommand.java:191)
at org.openqa.selenium.remote.RemoteWebDriver.get(RemoteWebDriver.java:297)
at com.Weva.common.utilities.SeleniumUtilities.<init>(SeleniumUtilities.java:31)
at com.testmethod.programs.WevaScripts_MultiBrowser.LoginTest_single_two(WevaScripts_MultiBrowser.java:49)
at java.base/java.util.concurrent.ThreadPoolExecutor.runWorker(ThreadPoolExecutor.java:1130)
at java.base/java.util.concurrent.ThreadPoolExecutor$Worker.run(ThreadPoolExecutor.java:630)
at java.base/java.lang.Thread.run(Thread.java:831)
... Removed 12 stack frames]]>
    </failure>
  </testcase> <!-- LoginTest_single_two -->
  <testcase classname="com.testmethod.programs.WevaScripts_MultiBrowser" name="LoginTest_single" time="11.707"/>
</testsuite> <!-- test1 -->
