<?xml version="1.0" encoding="UTF-8"?>
<!-- Generated by org.testng.reporters.JUnitXMLReporter -->
<testsuite ignored="1" hostname="LAPTOP-TDU9CTLD" failures="0" tests="2" name="Test" time="31.846" errors="0" timestamp="2023-11-08T14:22:55 IST">
  <testcase classname="com.testmethod.programs.WevaScripts" name="LoginTest_single" time="5.525"/>
  <testcase classname="com.testmethod.programs.WevaLogin" name="LoginTest" time="21.242"/>
  <testcase classname="org.Weva.baseclass.BaseTest" name="@BeforeTest SetUpLoggers" time="0.0">
    <ignored/>
  </testcase> <!-- @BeforeTest SetUpLoggers -->
</testsuite> <!-- Test -->
