<?xml version="1.0" encoding="UTF-8"?>
<!-- Generated by org.testng.reporters.JUnitXMLReporter -->
<testsuite ignored="0" hostname="LAPTOP-TDU9CTLD" failures="1" tests="2" name="Tests" time="10.992" errors="0" timestamp="2023-12-09T12:35:24 IST">
  <testcase classname="com.testmethod.programs.WevaScripts" name="LoginTest_single" time="5.947"/>
  <testcase classname="com.testmethod.programs.WevaScripts" name="LoginTest_singletwo" time="0.025">
    <failure type="java.lang.NullPointerException" message="Cannot invoke &amp;quot;org.openqa.selenium.WebElement.clear()&amp;quot; because the return value of &amp;quot;com.Weva.common.utilities.SeleniumUtilities.FindElement(String, com.Weva.common.utilities.IDriverFactory$LocatorType)&amp;quot; is null">
      <![CDATA[java.lang.NullPointerException: Cannot invoke "org.openqa.selenium.WebElement.clear()" because the return value of "com.Weva.common.utilities.SeleniumUtilities.FindElement(String, com.Weva.common.utilities.IDriverFactory$LocatorType)" is null
at com.Weva.common.utilities.SeleniumUtilities.ClearText(SeleniumUtilities.java:83)
at com.Weva.common.utilities.SeleniumUtilities.EnterText(SeleniumUtilities.java:78)
at org.Weva.WevaReusables.WevaUtils.WevaLogin(WevaUtils.java:25)
at com.testmethod.programs.WevaScripts.LoginTest_singletwo(WevaScripts.java:56)
at java.base/java.util.ArrayList.forEach(ArrayList.java:1511)
at java.base/java.util.concurrent.FutureTask.run(FutureTask.java:264)
at java.base/java.util.concurrent.ThreadPoolExecutor.runWorker(ThreadPoolExecutor.java:1130)
at java.base/java.util.concurrent.ThreadPoolExecutor$Worker.run(ThreadPoolExecutor.java:630)
at java.base/java.lang.Thread.run(Thread.java:831)
... Removed 17 stack frames]]>
    </failure>
  </testcase> <!-- LoginTest_singletwo -->
</testsuite> <!-- Tests -->
