<?xml version="1.0" encoding="UTF-8"?>
<testng-results ignored="0" total="2" passed="2" failed="0" skipped="0">
  <reporter-output>
  </reporter-output>
  <suite started-at="2023-12-27T21:48:16 IST" name="Suite" finished-at="2023-12-27T21:48:45 IST" duration-ms="28638">
    <groups>
    </groups>
    <test started-at="2023-12-27T21:48:16 IST" name="Test" finished-at="2023-12-27T21:48:45 IST" duration-ms="28638">
      <class name="com.testmethod.programs.WevaScripts">
        <test-method is-config="true" signature="browserinvoke()[pri:0, instance:com.testmethod.programs.WevaScripts@39655d3e]" started-at="2023-12-27T21:48:16 IST" name="browserinvoke" finished-at="2023-12-27T21:48:21 IST" duration-ms="4806" status="PASS">
          <reporter-output>
          </reporter-output>
        </test-method> <!-- browserinvoke -->
        <test-method signature="LoginTest_single()[pri:0, instance:com.testmethod.programs.WevaScripts@39655d3e]" started-at="2023-12-27T21:48:21 IST" name="LoginTest_single" finished-at="2023-12-27T21:48:31 IST" duration-ms="9690" status="PASS">
          <reporter-output>
          </reporter-output>
        </test-method> <!-- LoginTest_single -->
        <test-method is-config="true" signature="browserquit()[pri:0, instance:com.testmethod.programs.WevaScripts@39655d3e]" started-at="2023-12-27T21:48:31 IST" name="browserquit" finished-at="2023-12-27T21:48:31 IST" duration-ms="469" status="PASS">
          <reporter-output>
          </reporter-output>
        </test-method> <!-- browserquit -->
        <test-method is-config="true" signature="browserinvoke()[pri:0, instance:com.testmethod.programs.WevaScripts@39655d3e]" started-at="2023-12-27T21:48:31 IST" name="browserinvoke" finished-at="2023-12-27T21:48:35 IST" duration-ms="3571" status="PASS">
          <reporter-output>
          </reporter-output>
        </test-method> <!-- browserinvoke -->
        <test-method signature="LoginTest_single_two()[pri:0, instance:com.testmethod.programs.WevaScripts@39655d3e]" started-at="2023-12-27T21:48:35 IST" name="LoginTest_single_two" finished-at="2023-12-27T21:48:45 IST" duration-ms="9604" status="PASS">
          <reporter-output>
          </reporter-output>
        </test-method> <!-- LoginTest_single_two -->
        <test-method is-config="true" signature="browserquit()[pri:0, instance:com.testmethod.programs.WevaScripts@39655d3e]" started-at="2023-12-27T21:48:45 IST" name="browserquit" finished-at="2023-12-27T21:48:45 IST" duration-ms="430" status="PASS">
          <reporter-output>
          </reporter-output>
        </test-method> <!-- browserquit -->
      </class> <!-- com.testmethod.programs.WevaScripts -->
    </test> <!-- Test -->
  </suite> <!-- Suite -->
</testng-results>
