<?xml version="1.0" encoding="UTF-8"?>
<testng-results ignored="0" total="1" passed="1" failed="0" skipped="0">
  <reporter-output>
  </reporter-output>
  <suite started-at="2023-11-18T15:33:20 IST" name="Default suite" finished-at="2023-11-18T15:33:41 IST" duration-ms="20840">
    <groups>
    </groups>
    <test started-at="2023-11-18T15:33:20 IST" name="Default test" finished-at="2023-11-18T15:33:41 IST" duration-ms="20840">
      <class name="com.testmethod.programs.WevaLogin">
        <test-method is-config="true" signature="SetUpLoggers()[pri:0, instance:com.testmethod.programs.WevaLogin@6c4906d3]" started-at="2023-11-18T15:33:20 IST" name="SetUpLoggers" finished-at="2023-11-18T15:33:20 IST" duration-ms="21" status="PASS">
          <reporter-output>
          </reporter-output>
        </test-method> <!-- SetUpLoggers -->
        <test-method signature="LoginTest()[pri:0, instance:com.testmethod.programs.WevaLogin@6c4906d3]" started-at="2023-11-18T15:33:20 IST" name="LoginTest" finished-at="2023-11-18T15:33:41 IST" duration-ms="20757" status="PASS">
          <reporter-output>
          </reporter-output>
        </test-method> <!-- LoginTest -->
      </class> <!-- com.testmethod.programs.WevaLogin -->
    </test> <!-- Default test -->
  </suite> <!-- Default suite -->
</testng-results>
